{
  "/Users/lukasklement/Development/open_source/angular-cypress-coverage-tutorial/src/polyfills.ts": {
    "path": "/Users/lukasklement/Development/open_source/angular-cypress-coverage-tutorial/src/polyfills.ts",
    "statementMap": {},
    "fnMap": {},
    "branchMap": {},
    "s": {},
    "f": {},
    "b": {},
    "inputSourceMap": {
      "version": 3,
      "file": "polyfills.js",
      "sourceRoot": "",
      "sources": [
        "/Users/lukasklement/Development/open_source/angular-cypress-coverage-tutorial/src/polyfills.ts"
      ],
      "names": [],
      "mappings": "AAAA;;;;;;;;;;;;;;GAcG;AAEH;;GAEG;AAEH,sEAAsE;AACtE,oEAAoE;AAEpE;;;;GAIG;AACH,8EAA8E;AAE9E;;;;;;;;;;;;;;;;;;;;;;GAsBG;AAEH;;GAEG;AACH,OAAO,mBAAmB,CAAC,CAAE,6BAA6B;AAG1D;;GAEG",
      "sourcesContent": [
        "/**\n * This file includes polyfills needed by Angular and is loaded before the app.\n * You can add your own extra polyfills to this file.\n *\n * This file is divided into 2 sections:\n *   1. Browser polyfills. These are applied before loading ZoneJS and are sorted by browsers.\n *   2. Application imports. Files imported after ZoneJS that should be loaded before your main\n *      file.\n *\n * The current setup is for so-called \"evergreen\" browsers; the last versions of browsers that\n * automatically update themselves. This includes Safari >= 10, Chrome >= 55 (including Opera),\n * Edge >= 13 on the desktop, and iOS 10 and Chrome on mobile.\n *\n * Learn more in https://angular.io/guide/browser-support\n */\n\n/***************************************************************************************************\n * BROWSER POLYFILLS\n */\n\n/** IE11 requires the following for NgClass support on SVG elements */\n// import 'classlist.js';  // Run `npm install --save classlist.js`.\n\n/**\n * Web Animations `@angular/platform-browser/animations`\n * Only required if AnimationBuilder is used within the application and using IE/Edge or Safari.\n * Standard animation support in Angular DOES NOT require any polyfills (as of Angular 6.0).\n */\n// import 'web-animations-js';  // Run `npm install --save web-animations-js`.\n\n/**\n * By default, zone.js will patch all possible macroTask and DomEvents\n * user can disable parts of macroTask/DomEvents patch by setting following flags\n * because those flags need to be set before `zone.js` being loaded, and webpack\n * will put import in the top of bundle, so user need to create a separate file\n * in this directory (for example: zone-flags.ts), and put the following flags\n * into that file, and then add the following code before importing zone.js.\n * import './zone-flags';\n *\n * The flags allowed in zone-flags.ts are listed here.\n *\n * The following flags will work for all browsers.\n *\n * (window as any).__Zone_disable_requestAnimationFrame = true; // disable patch requestAnimationFrame\n * (window as any).__Zone_disable_on_property = true; // disable patch onProperty such as onclick\n * (window as any).__zone_symbol__UNPATCHED_EVENTS = ['scroll', 'mousemove']; // disable patch specified eventNames\n *\n *  in IE/Edge developer tools, the addEventListener will also be wrapped by zone.js\n *  with the following flag, it will bypass `zone.js` patch for IE/Edge\n *\n *  (window as any).__Zone_enable_cross_context_check = true;\n *\n */\n\n/***************************************************************************************************\n * Zone JS is required by default for Angular itself.\n */\nimport 'zone.js/dist/zone';  // Included with Angular CLI.\n\n\n/***************************************************************************************************\n * APPLICATION IMPORTS\n */\n"
      ]
    },
    "_coverageSchema": "332fd63041d2c1bcb487cc26dd0d5f7d97098a6c",
    "hash": "6a3a11294cb0d5a23d05efc3422783325a33673f"
  },
  "/Users/lukasklement/Development/open_source/angular-cypress-coverage-tutorial/src/environments/environment.ts": {
    "path": "/Users/lukasklement/Development/open_source/angular-cypress-coverage-tutorial/src/environments/environment.ts",
    "statementMap": {
      "0": {
        "start": {
          "line": 4,
          "column": 27
        },
        "end": {
          "line": 6,
          "column": 1
        }
      }
    },
    "fnMap": {},
    "branchMap": {},
    "s": {
      "0": 1
    },
    "f": {},
    "b": {},
    "inputSourceMap": {
      "version": 3,
      "file": "environment.js",
      "sourceRoot": "",
      "sources": [
        "/Users/lukasklement/Development/open_source/angular-cypress-coverage-tutorial/src/environments/environment.ts"
      ],
      "names": [],
      "mappings": "AAAA,gFAAgF;AAChF,0EAA0E;AAC1E,gEAAgE;AAEhE,MAAM,CAAC,MAAM,WAAW,GAAG;IACzB,UAAU,EAAE,KAAK;CAClB,CAAC;AAEF;;;;;;GAMG;AACH,mEAAmE",
      "sourcesContent": [
        "// This file can be replaced during build by using the `fileReplacements` array.\n// `ng build --prod` replaces `environment.ts` with `environment.prod.ts`.\n// The list of file replacements can be found in `angular.json`.\n\nexport const environment = {\n  production: false\n};\n\n/*\n * For easier debugging in development mode, you can import the following file\n * to ignore zone related error stack frames such as `zone.run`, `zoneDelegate.invokeTask`.\n *\n * This import should be commented out in production mode because it will have a negative impact\n * on performance if an error is thrown.\n */\n// import 'zone.js/dist/zone-error';  // Included with Angular CLI.\n"
      ]
    },
    "_coverageSchema": "332fd63041d2c1bcb487cc26dd0d5f7d97098a6c",
    "hash": "c13d7d592cc473b75ca64babcc167be8f8b4d203"
  },
  "/Users/lukasklement/Development/open_source/angular-cypress-coverage-tutorial/src/app/app-routing.module.ts": {
    "path": "/Users/lukasklement/Development/open_source/angular-cypress-coverage-tutorial/src/app/app-routing.module.ts",
    "statementMap": {
      "0": {
        "start": {
          "line": 5,
          "column": 15
        },
        "end": {
          "line": 5,
          "column": 17
        }
      },
      "1": {
        "start": {
          "line": 8,
          "column": 0
        },
        "end": {
          "line": 8,
          "column": 72
        }
      },
      "2": {
        "start": {
          "line": 9,
          "column": 0
        },
        "end": {
          "line": 9,
          "column": 194
        }
      },
      "3": {
        "start": {
          "line": 9,
          "column": 94
        },
        "end": {
          "line": 9,
          "column": 131
        }
      },
      "4": {
        "start": {
          "line": 10,
          "column": 0
        },
        "end": {
          "line": 10,
          "column": 169
        }
      },
      "5": {
        "start": {
          "line": 10,
          "column": 15
        },
        "end": {
          "line": 10,
          "column": 163
        }
      },
      "6": {
        "start": {
          "line": 11,
          "column": 14
        },
        "end": {
          "line": 17,
          "column": 26
        }
      },
      "7": {
        "start": {
          "line": 11,
          "column": 29
        },
        "end": {
          "line": 17,
          "column": 20
        }
      }
    },
    "fnMap": {
      "0": {
        "name": "AppRoutingModule_Factory",
        "decl": {
          "start": {
            "line": 9,
            "column": 64
          },
          "end": {
            "line": 9,
            "column": 88
          }
        },
        "loc": {
          "start": {
            "line": 9,
            "column": 92
          },
          "end": {
            "line": 9,
            "column": 133
          }
        },
        "line": 9
      },
      "1": {
        "name": "(anonymous_1)",
        "decl": {
          "start": {
            "line": 10,
            "column": 1
          },
          "end": {
            "line": 10,
            "column": 2
          }
        },
        "loc": {
          "start": {
            "line": 10,
            "column": 13
          },
          "end": {
            "line": 10,
            "column": 165
          }
        },
        "line": 10
      },
      "2": {
        "name": "(anonymous_2)",
        "decl": {
          "start": {
            "line": 11,
            "column": 15
          },
          "end": {
            "line": 11,
            "column": 16
          }
        },
        "loc": {
          "start": {
            "line": 11,
            "column": 27
          },
          "end": {
            "line": 17,
            "column": 22
          }
        },
        "line": 11
      }
    },
    "branchMap": {
      "0": {
        "loc": {
          "start": {
            "line": 9,
            "column": 106
          },
          "end": {
            "line": 9,
            "column": 127
          }
        },
        "type": "binary-expr",
        "locations": [
          {
            "start": {
              "line": 9,
              "column": 106
            },
            "end": {
              "line": 9,
              "column": 107
            }
          },
          {
            "start": {
              "line": 9,
              "column": 111
            },
            "end": {
              "line": 9,
              "column": 127
            }
          }
        ],
        "line": 9
      },
      "1": {
        "loc": {
          "start": {
            "line": 10,
            "column": 15
          },
          "end": {
            "line": 10,
            "column": 162
          }
        },
        "type": "binary-expr",
        "locations": [
          {
            "start": {
              "line": 10,
              "column": 16
            },
            "end": {
              "line": 10,
              "column": 48
            }
          },
          {
            "start": {
              "line": 10,
              "column": 52
            },
            "end": {
              "line": 10,
              "column": 61
            }
          },
          {
            "start": {
              "line": 10,
              "column": 66
            },
            "end": {
              "line": 10,
              "column": 162
            }
          }
        ],
        "line": 10
      }
    },
    "s": {
      "0": 1,
      "1": 1,
      "2": 1,
      "3": 1,
      "4": 1,
      "5": 1,
      "6": 1,
      "7": 1
    },
    "f": {
      "0": 1,
      "1": 1,
      "2": 1
    },
    "b": {
      "0": [
        1,
        1
      ],
      "1": [
        1,
        0,
        1
      ]
    },
    "inputSourceMap": {
      "version": 3,
      "file": "app-routing.module.js",
      "sourceRoot": "",
      "sources": [
        "/Users/lukasklement/Development/open_source/angular-cypress-coverage-tutorial/src/app/app-routing.module.ts"
      ],
      "names": [],
      "mappings": "AAAA,OAAO,EAAE,QAAQ,EAAE,MAAM,eAAe,CAAC;AACzC,OAAO,EAAU,YAAY,EAAE,MAAM,iBAAiB,CAAC;;;AAEvD,MAAM,MAAM,GAAW,EAAE,CAAC;AAM1B,MAAM,OAAO,gBAAgB;;oDAAhB,gBAAgB;+GAAhB,gBAAgB,kBAHlB,CAAC,YAAY,CAAC,OAAO,CAAC,MAAM,CAAC,CAAC,EAC7B,YAAY;wFAEX,gBAAgB,0CAFjB,YAAY;kDAEX,gBAAgB;cAJ5B,QAAQ;eAAC;gBACR,OAAO,EAAE,CAAC,YAAY,CAAC,OAAO,CAAC,MAAM,CAAC,CAAC;gBACvC,OAAO,EAAE,CAAC,YAAY,CAAC;aACxB",
      "sourcesContent": [
        "import { NgModule } from '@angular/core';\nimport { Routes, RouterModule } from '@angular/router';\n\nconst routes: Routes = [];\n\n@NgModule({\n  imports: [RouterModule.forRoot(routes)],\n  exports: [RouterModule]\n})\nexport class AppRoutingModule { }\n"
      ]
    },
    "_coverageSchema": "332fd63041d2c1bcb487cc26dd0d5f7d97098a6c",
    "hash": "5568d78fdd5aa1967ebf49b83e964f7d23d3fba4"
  },
  "/Users/lukasklement/Development/open_source/angular-cypress-coverage-tutorial/src/app/app.component.ts": {
    "path": "/Users/lukasklement/Development/open_source/angular-cypress-coverage-tutorial/src/app/app.component.ts",
    "statementMap": {
      "0": {
        "start": {
          "line": 5,
          "column": 49
        },
        "end": {
          "line": 9,
          "column": 1
        }
      },
      "1": {
        "start": {
          "line": 6,
          "column": 4
        },
        "end": {
          "line": 6,
          "column": 32
        }
      },
      "2": {
        "start": {
          "line": 7,
          "column": 4
        },
        "end": {
          "line": 7,
          "column": 46
        }
      },
      "3": {
        "start": {
          "line": 8,
          "column": 4
        },
        "end": {
          "line": 8,
          "column": 22
        }
      },
      "4": {
        "start": {
          "line": 10,
          "column": 49
        },
        "end": {
          "line": 14,
          "column": 1
        }
      },
      "5": {
        "start": {
          "line": 11,
          "column": 4
        },
        "end": {
          "line": 11,
          "column": 32
        }
      },
      "6": {
        "start": {
          "line": 12,
          "column": 4
        },
        "end": {
          "line": 12,
          "column": 45
        }
      },
      "7": {
        "start": {
          "line": 13,
          "column": 4
        },
        "end": {
          "line": 13,
          "column": 22
        }
      },
      "8": {
        "start": {
          "line": 15,
          "column": 49
        },
        "end": {
          "line": 19,
          "column": 1
        }
      },
      "9": {
        "start": {
          "line": 16,
          "column": 4
        },
        "end": {
          "line": 16,
          "column": 32
        }
      },
      "10": {
        "start": {
          "line": 17,
          "column": 4
        },
        "end": {
          "line": 17,
          "column": 40
        }
      },
      "11": {
        "start": {
          "line": 18,
          "column": 4
        },
        "end": {
          "line": 18,
          "column": 22
        }
      },
      "12": {
        "start": {
          "line": 20,
          "column": 49
        },
        "end": {
          "line": 24,
          "column": 1
        }
      },
      "13": {
        "start": {
          "line": 21,
          "column": 4
        },
        "end": {
          "line": 21,
          "column": 32
        }
      },
      "14": {
        "start": {
          "line": 22,
          "column": 4
        },
        "end": {
          "line": 22,
          "column": 33
        }
      },
      "15": {
        "start": {
          "line": 23,
          "column": 4
        },
        "end": {
          "line": 23,
          "column": 22
        }
      },
      "16": {
        "start": {
          "line": 25,
          "column": 49
        },
        "end": {
          "line": 29,
          "column": 1
        }
      },
      "17": {
        "start": {
          "line": 26,
          "column": 4
        },
        "end": {
          "line": 26,
          "column": 32
        }
      },
      "18": {
        "start": {
          "line": 27,
          "column": 4
        },
        "end": {
          "line": 27,
          "column": 28
        }
      },
      "19": {
        "start": {
          "line": 28,
          "column": 4
        },
        "end": {
          "line": 28,
          "column": 22
        }
      },
      "20": {
        "start": {
          "line": 30,
          "column": 49
        },
        "end": {
          "line": 34,
          "column": 1
        }
      },
      "21": {
        "start": {
          "line": 31,
          "column": 4
        },
        "end": {
          "line": 31,
          "column": 32
        }
      },
      "22": {
        "start": {
          "line": 32,
          "column": 4
        },
        "end": {
          "line": 32,
          "column": 36
        }
      },
      "23": {
        "start": {
          "line": 33,
          "column": 4
        },
        "end": {
          "line": 33,
          "column": 22
        }
      },
      "24": {
        "start": {
          "line": 37,
          "column": 8
        },
        "end": {
          "line": 37,
          "column": 57
        }
      },
      "25": {
        "start": {
          "line": 40,
          "column": 0
        },
        "end": {
          "line": 40,
          "column": 91
        }
      },
      "26": {
        "start": {
          "line": 40,
          "column": 55
        },
        "end": {
          "line": 40,
          "column": 88
        }
      },
      "27": {
        "start": {
          "line": 41,
          "column": 0
        },
        "end": {
          "line": 344,
          "column": 7095
        }
      },
      "28": {
        "start": {
          "line": 41,
          "column": 15534
        },
        "end": {
          "line": 328,
          "column": 5
        }
      },
      "29": {
        "start": {
          "line": 42,
          "column": 20
        },
        "end": {
          "line": 42,
          "column": 41
        }
      },
      "30": {
        "start": {
          "line": 43,
          "column": 8
        },
        "end": {
          "line": 43,
          "column": 39
        }
      },
      "31": {
        "start": {
          "line": 44,
          "column": 8
        },
        "end": {
          "line": 44,
          "column": 34
        }
      },
      "32": {
        "start": {
          "line": 45,
          "column": 8
        },
        "end": {
          "line": 45,
          "column": 37
        }
      },
      "33": {
        "start": {
          "line": 46,
          "column": 8
        },
        "end": {
          "line": 46,
          "column": 32
        }
      },
      "34": {
        "start": {
          "line": 47,
          "column": 8
        },
        "end": {
          "line": 47,
          "column": 26
        }
      },
      "35": {
        "start": {
          "line": 48,
          "column": 8
        },
        "end": {
          "line": 48,
          "column": 34
        }
      },
      "36": {
        "start": {
          "line": 49,
          "column": 8
        },
        "end": {
          "line": 49,
          "column": 37
        }
      },
      "37": {
        "start": {
          "line": 50,
          "column": 8
        },
        "end": {
          "line": 50,
          "column": 28
        }
      },
      "38": {
        "start": {
          "line": 51,
          "column": 8
        },
        "end": {
          "line": 51,
          "column": 39
        }
      },
      "39": {
        "start": {
          "line": 52,
          "column": 8
        },
        "end": {
          "line": 52,
          "column": 35
        }
      },
      "40": {
        "start": {
          "line": 53,
          "column": 8
        },
        "end": {
          "line": 53,
          "column": 35
        }
      },
      "41": {
        "start": {
          "line": 54,
          "column": 8
        },
        "end": {
          "line": 54,
          "column": 26
        }
      },
      "42": {
        "start": {
          "line": 55,
          "column": 8
        },
        "end": {
          "line": 55,
          "column": 26
        }
      },
      "43": {
        "start": {
          "line": 56,
          "column": 8
        },
        "end": {
          "line": 56,
          "column": 26
        }
      },
      "44": {
        "start": {
          "line": 57,
          "column": 8
        },
        "end": {
          "line": 57,
          "column": 29
        }
      },
      "45": {
        "start": {
          "line": 58,
          "column": 8
        },
        "end": {
          "line": 58,
          "column": 39
        }
      },
      "46": {
        "start": {
          "line": 59,
          "column": 8
        },
        "end": {
          "line": 59,
          "column": 40
        }
      },
      "47": {
        "start": {
          "line": 60,
          "column": 8
        },
        "end": {
          "line": 60,
          "column": 28
        }
      },
      "48": {
        "start": {
          "line": 61,
          "column": 8
        },
        "end": {
          "line": 61,
          "column": 40
        }
      },
      "49": {
        "start": {
          "line": 62,
          "column": 8
        },
        "end": {
          "line": 62,
          "column": 39
        }
      },
      "50": {
        "start": {
          "line": 63,
          "column": 8
        },
        "end": {
          "line": 63,
          "column": 39
        }
      },
      "51": {
        "start": {
          "line": 64,
          "column": 8
        },
        "end": {
          "line": 64,
          "column": 39
        }
      },
      "52": {
        "start": {
          "line": 65,
          "column": 8
        },
        "end": {
          "line": 65,
          "column": 37
        }
      },
      "53": {
        "start": {
          "line": 66,
          "column": 8
        },
        "end": {
          "line": 66,
          "column": 37
        }
      },
      "54": {
        "start": {
          "line": 67,
          "column": 8
        },
        "end": {
          "line": 67,
          "column": 26
        }
      },
      "55": {
        "start": {
          "line": 68,
          "column": 8
        },
        "end": {
          "line": 68,
          "column": 26
        }
      },
      "56": {
        "start": {
          "line": 69,
          "column": 8
        },
        "end": {
          "line": 69,
          "column": 26
        }
      },
      "57": {
        "start": {
          "line": 70,
          "column": 8
        },
        "end": {
          "line": 70,
          "column": 29
        }
      },
      "58": {
        "start": {
          "line": 71,
          "column": 8
        },
        "end": {
          "line": 71,
          "column": 38
        }
      },
      "59": {
        "start": {
          "line": 72,
          "column": 8
        },
        "end": {
          "line": 72,
          "column": 22
        }
      },
      "60": {
        "start": {
          "line": 73,
          "column": 8
        },
        "end": {
          "line": 73,
          "column": 26
        }
      },
      "61": {
        "start": {
          "line": 74,
          "column": 8
        },
        "end": {
          "line": 74,
          "column": 28
        }
      },
      "62": {
        "start": {
          "line": 75,
          "column": 8
        },
        "end": {
          "line": 75,
          "column": 41
        }
      },
      "63": {
        "start": {
          "line": 76,
          "column": 8
        },
        "end": {
          "line": 76,
          "column": 37
        }
      },
      "64": {
        "start": {
          "line": 77,
          "column": 8
        },
        "end": {
          "line": 77,
          "column": 26
        }
      },
      "65": {
        "start": {
          "line": 78,
          "column": 8
        },
        "end": {
          "line": 78,
          "column": 26
        }
      },
      "66": {
        "start": {
          "line": 79,
          "column": 8
        },
        "end": {
          "line": 79,
          "column": 29
        }
      },
      "67": {
        "start": {
          "line": 80,
          "column": 8
        },
        "end": {
          "line": 80,
          "column": 36
        }
      },
      "68": {
        "start": {
          "line": 81,
          "column": 8
        },
        "end": {
          "line": 81,
          "column": 35
        }
      },
      "69": {
        "start": {
          "line": 82,
          "column": 8
        },
        "end": {
          "line": 82,
          "column": 26
        }
      },
      "70": {
        "start": {
          "line": 83,
          "column": 8
        },
        "end": {
          "line": 83,
          "column": 35
        }
      },
      "71": {
        "start": {
          "line": 84,
          "column": 8
        },
        "end": {
          "line": 84,
          "column": 70
        }
      },
      "72": {
        "start": {
          "line": 85,
          "column": 8
        },
        "end": {
          "line": 85,
          "column": 26
        }
      },
      "73": {
        "start": {
          "line": 86,
          "column": 8
        },
        "end": {
          "line": 86,
          "column": 41
        }
      },
      "74": {
        "start": {
          "line": 87,
          "column": 8
        },
        "end": {
          "line": 87,
          "column": 39
        }
      },
      "75": {
        "start": {
          "line": 88,
          "column": 8
        },
        "end": {
          "line": 88,
          "column": 28
        }
      },
      "76": {
        "start": {
          "line": 89,
          "column": 8
        },
        "end": {
          "line": 89,
          "column": 41
        }
      },
      "77": {
        "start": {
          "line": 90,
          "column": 8
        },
        "end": {
          "line": 90,
          "column": 37
        }
      },
      "78": {
        "start": {
          "line": 91,
          "column": 8
        },
        "end": {
          "line": 91,
          "column": 26
        }
      },
      "79": {
        "start": {
          "line": 92,
          "column": 8
        },
        "end": {
          "line": 92,
          "column": 29
        }
      },
      "80": {
        "start": {
          "line": 93,
          "column": 8
        },
        "end": {
          "line": 93,
          "column": 38
        }
      },
      "81": {
        "start": {
          "line": 94,
          "column": 8
        },
        "end": {
          "line": 94,
          "column": 39
        }
      },
      "82": {
        "start": {
          "line": 95,
          "column": 8
        },
        "end": {
          "line": 95,
          "column": 26
        }
      },
      "83": {
        "start": {
          "line": 96,
          "column": 8
        },
        "end": {
          "line": 96,
          "column": 28
        }
      },
      "84": {
        "start": {
          "line": 97,
          "column": 8
        },
        "end": {
          "line": 97,
          "column": 41
        }
      },
      "85": {
        "start": {
          "line": 98,
          "column": 8
        },
        "end": {
          "line": 98,
          "column": 37
        }
      },
      "86": {
        "start": {
          "line": 99,
          "column": 8
        },
        "end": {
          "line": 99,
          "column": 26
        }
      },
      "87": {
        "start": {
          "line": 100,
          "column": 8
        },
        "end": {
          "line": 100,
          "column": 26
        }
      },
      "88": {
        "start": {
          "line": 101,
          "column": 8
        },
        "end": {
          "line": 101,
          "column": 29
        }
      },
      "89": {
        "start": {
          "line": 102,
          "column": 8
        },
        "end": {
          "line": 102,
          "column": 39
        }
      },
      "90": {
        "start": {
          "line": 103,
          "column": 8
        },
        "end": {
          "line": 103,
          "column": 28
        }
      },
      "91": {
        "start": {
          "line": 104,
          "column": 8
        },
        "end": {
          "line": 104,
          "column": 41
        }
      },
      "92": {
        "start": {
          "line": 105,
          "column": 8
        },
        "end": {
          "line": 105,
          "column": 37
        }
      },
      "93": {
        "start": {
          "line": 106,
          "column": 8
        },
        "end": {
          "line": 106,
          "column": 26
        }
      },
      "94": {
        "start": {
          "line": 107,
          "column": 8
        },
        "end": {
          "line": 107,
          "column": 29
        }
      },
      "95": {
        "start": {
          "line": 108,
          "column": 8
        },
        "end": {
          "line": 108,
          "column": 38
        }
      },
      "96": {
        "start": {
          "line": 109,
          "column": 8
        },
        "end": {
          "line": 109,
          "column": 43
        }
      },
      "97": {
        "start": {
          "line": 110,
          "column": 8
        },
        "end": {
          "line": 110,
          "column": 26
        }
      },
      "98": {
        "start": {
          "line": 111,
          "column": 8
        },
        "end": {
          "line": 111,
          "column": 28
        }
      },
      "99": {
        "start": {
          "line": 112,
          "column": 8
        },
        "end": {
          "line": 112,
          "column": 41
        }
      },
      "100": {
        "start": {
          "line": 113,
          "column": 8
        },
        "end": {
          "line": 113,
          "column": 37
        }
      },
      "101": {
        "start": {
          "line": 114,
          "column": 8
        },
        "end": {
          "line": 114,
          "column": 26
        }
      },
      "102": {
        "start": {
          "line": 115,
          "column": 8
        },
        "end": {
          "line": 115,
          "column": 26
        }
      },
      "103": {
        "start": {
          "line": 116,
          "column": 8
        },
        "end": {
          "line": 116,
          "column": 29
        }
      },
      "104": {
        "start": {
          "line": 117,
          "column": 8
        },
        "end": {
          "line": 117,
          "column": 39
        }
      },
      "105": {
        "start": {
          "line": 118,
          "column": 8
        },
        "end": {
          "line": 118,
          "column": 28
        }
      },
      "106": {
        "start": {
          "line": 119,
          "column": 8
        },
        "end": {
          "line": 119,
          "column": 41
        }
      },
      "107": {
        "start": {
          "line": 120,
          "column": 8
        },
        "end": {
          "line": 120,
          "column": 37
        }
      },
      "108": {
        "start": {
          "line": 121,
          "column": 8
        },
        "end": {
          "line": 121,
          "column": 26
        }
      },
      "109": {
        "start": {
          "line": 122,
          "column": 8
        },
        "end": {
          "line": 122,
          "column": 29
        }
      },
      "110": {
        "start": {
          "line": 123,
          "column": 8
        },
        "end": {
          "line": 123,
          "column": 38
        }
      },
      "111": {
        "start": {
          "line": 124,
          "column": 8
        },
        "end": {
          "line": 124,
          "column": 38
        }
      },
      "112": {
        "start": {
          "line": 125,
          "column": 8
        },
        "end": {
          "line": 125,
          "column": 26
        }
      },
      "113": {
        "start": {
          "line": 126,
          "column": 8
        },
        "end": {
          "line": 126,
          "column": 28
        }
      },
      "114": {
        "start": {
          "line": 127,
          "column": 8
        },
        "end": {
          "line": 127,
          "column": 41
        }
      },
      "115": {
        "start": {
          "line": 128,
          "column": 8
        },
        "end": {
          "line": 128,
          "column": 37
        }
      },
      "116": {
        "start": {
          "line": 129,
          "column": 8
        },
        "end": {
          "line": 129,
          "column": 26
        }
      },
      "117": {
        "start": {
          "line": 130,
          "column": 8
        },
        "end": {
          "line": 130,
          "column": 26
        }
      },
      "118": {
        "start": {
          "line": 131,
          "column": 8
        },
        "end": {
          "line": 131,
          "column": 26
        }
      },
      "119": {
        "start": {
          "line": 132,
          "column": 8
        },
        "end": {
          "line": 132,
          "column": 29
        }
      },
      "120": {
        "start": {
          "line": 133,
          "column": 8
        },
        "end": {
          "line": 133,
          "column": 36
        }
      },
      "121": {
        "start": {
          "line": 134,
          "column": 8
        },
        "end": {
          "line": 134,
          "column": 36
        }
      },
      "122": {
        "start": {
          "line": 135,
          "column": 8
        },
        "end": {
          "line": 135,
          "column": 26
        }
      },
      "123": {
        "start": {
          "line": 136,
          "column": 8
        },
        "end": {
          "line": 136,
          "column": 35
        }
      },
      "124": {
        "start": {
          "line": 137,
          "column": 8
        },
        "end": {
          "line": 137,
          "column": 68
        }
      },
      "125": {
        "start": {
          "line": 138,
          "column": 8
        },
        "end": {
          "line": 138,
          "column": 26
        }
      },
      "126": {
        "start": {
          "line": 139,
          "column": 8
        },
        "end": {
          "line": 139,
          "column": 42
        }
      },
      "127": {
        "start": {
          "line": 140,
          "column": 8
        },
        "end": {
          "line": 140,
          "column": 41
        }
      },
      "128": {
        "start": {
          "line": 141,
          "column": 8
        },
        "end": {
          "line": 141,
          "column": 41
        }
      },
      "129": {
        "start": {
          "line": 142,
          "column": 8
        },
        "end": {
          "line": 142,
          "column": 178
        }
      },
      "130": {
        "start": {
          "line": 142,
          "column": 88
        },
        "end": {
          "line": 142,
          "column": 110
        }
      },
      "131": {
        "start": {
          "line": 142,
          "column": 123
        },
        "end": {
          "line": 142,
          "column": 141
        }
      },
      "132": {
        "start": {
          "line": 142,
          "column": 143
        },
        "end": {
          "line": 142,
          "column": 174
        }
      },
      "133": {
        "start": {
          "line": 143,
          "column": 8
        },
        "end": {
          "line": 143,
          "column": 28
        }
      },
      "134": {
        "start": {
          "line": 144,
          "column": 8
        },
        "end": {
          "line": 144,
          "column": 41
        }
      },
      "135": {
        "start": {
          "line": 145,
          "column": 8
        },
        "end": {
          "line": 145,
          "column": 37
        }
      },
      "136": {
        "start": {
          "line": 146,
          "column": 8
        },
        "end": {
          "line": 146,
          "column": 26
        }
      },
      "137": {
        "start": {
          "line": 147,
          "column": 8
        },
        "end": {
          "line": 147,
          "column": 29
        }
      },
      "138": {
        "start": {
          "line": 148,
          "column": 8
        },
        "end": {
          "line": 148,
          "column": 38
        }
      },
      "139": {
        "start": {
          "line": 149,
          "column": 8
        },
        "end": {
          "line": 149,
          "column": 39
        }
      },
      "140": {
        "start": {
          "line": 150,
          "column": 8
        },
        "end": {
          "line": 150,
          "column": 26
        }
      },
      "141": {
        "start": {
          "line": 151,
          "column": 8
        },
        "end": {
          "line": 151,
          "column": 26
        }
      },
      "142": {
        "start": {
          "line": 152,
          "column": 8
        },
        "end": {
          "line": 152,
          "column": 41
        }
      },
      "143": {
        "start": {
          "line": 153,
          "column": 8
        },
        "end": {
          "line": 153,
          "column": 177
        }
      },
      "144": {
        "start": {
          "line": 153,
          "column": 88
        },
        "end": {
          "line": 153,
          "column": 110
        }
      },
      "145": {
        "start": {
          "line": 153,
          "column": 123
        },
        "end": {
          "line": 153,
          "column": 141
        }
      },
      "146": {
        "start": {
          "line": 153,
          "column": 143
        },
        "end": {
          "line": 153,
          "column": 173
        }
      },
      "147": {
        "start": {
          "line": 154,
          "column": 8
        },
        "end": {
          "line": 154,
          "column": 28
        }
      },
      "148": {
        "start": {
          "line": 155,
          "column": 8
        },
        "end": {
          "line": 155,
          "column": 41
        }
      },
      "149": {
        "start": {
          "line": 156,
          "column": 8
        },
        "end": {
          "line": 156,
          "column": 37
        }
      },
      "150": {
        "start": {
          "line": 157,
          "column": 8
        },
        "end": {
          "line": 157,
          "column": 26
        }
      },
      "151": {
        "start": {
          "line": 158,
          "column": 8
        },
        "end": {
          "line": 158,
          "column": 29
        }
      },
      "152": {
        "start": {
          "line": 159,
          "column": 8
        },
        "end": {
          "line": 159,
          "column": 38
        }
      },
      "153": {
        "start": {
          "line": 160,
          "column": 8
        },
        "end": {
          "line": 160,
          "column": 42
        }
      },
      "154": {
        "start": {
          "line": 161,
          "column": 8
        },
        "end": {
          "line": 161,
          "column": 26
        }
      },
      "155": {
        "start": {
          "line": 162,
          "column": 8
        },
        "end": {
          "line": 162,
          "column": 26
        }
      },
      "156": {
        "start": {
          "line": 163,
          "column": 8
        },
        "end": {
          "line": 163,
          "column": 41
        }
      },
      "157": {
        "start": {
          "line": 164,
          "column": 8
        },
        "end": {
          "line": 164,
          "column": 172
        }
      },
      "158": {
        "start": {
          "line": 164,
          "column": 88
        },
        "end": {
          "line": 164,
          "column": 110
        }
      },
      "159": {
        "start": {
          "line": 164,
          "column": 123
        },
        "end": {
          "line": 164,
          "column": 141
        }
      },
      "160": {
        "start": {
          "line": 164,
          "column": 143
        },
        "end": {
          "line": 164,
          "column": 168
        }
      },
      "161": {
        "start": {
          "line": 165,
          "column": 8
        },
        "end": {
          "line": 165,
          "column": 28
        }
      },
      "162": {
        "start": {
          "line": 166,
          "column": 8
        },
        "end": {
          "line": 166,
          "column": 41
        }
      },
      "163": {
        "start": {
          "line": 167,
          "column": 8
        },
        "end": {
          "line": 167,
          "column": 37
        }
      },
      "164": {
        "start": {
          "line": 168,
          "column": 8
        },
        "end": {
          "line": 168,
          "column": 26
        }
      },
      "165": {
        "start": {
          "line": 169,
          "column": 8
        },
        "end": {
          "line": 169,
          "column": 29
        }
      },
      "166": {
        "start": {
          "line": 170,
          "column": 8
        },
        "end": {
          "line": 170,
          "column": 38
        }
      },
      "167": {
        "start": {
          "line": 171,
          "column": 8
        },
        "end": {
          "line": 171,
          "column": 41
        }
      },
      "168": {
        "start": {
          "line": 172,
          "column": 8
        },
        "end": {
          "line": 172,
          "column": 26
        }
      },
      "169": {
        "start": {
          "line": 173,
          "column": 8
        },
        "end": {
          "line": 173,
          "column": 26
        }
      },
      "170": {
        "start": {
          "line": 174,
          "column": 8
        },
        "end": {
          "line": 174,
          "column": 41
        }
      },
      "171": {
        "start": {
          "line": 175,
          "column": 8
        },
        "end": {
          "line": 175,
          "column": 179
        }
      },
      "172": {
        "start": {
          "line": 175,
          "column": 88
        },
        "end": {
          "line": 175,
          "column": 110
        }
      },
      "173": {
        "start": {
          "line": 175,
          "column": 123
        },
        "end": {
          "line": 175,
          "column": 141
        }
      },
      "174": {
        "start": {
          "line": 175,
          "column": 143
        },
        "end": {
          "line": 175,
          "column": 175
        }
      },
      "175": {
        "start": {
          "line": 176,
          "column": 8
        },
        "end": {
          "line": 176,
          "column": 28
        }
      },
      "176": {
        "start": {
          "line": 177,
          "column": 8
        },
        "end": {
          "line": 177,
          "column": 41
        }
      },
      "177": {
        "start": {
          "line": 178,
          "column": 8
        },
        "end": {
          "line": 178,
          "column": 37
        }
      },
      "178": {
        "start": {
          "line": 179,
          "column": 8
        },
        "end": {
          "line": 179,
          "column": 26
        }
      },
      "179": {
        "start": {
          "line": 180,
          "column": 8
        },
        "end": {
          "line": 180,
          "column": 29
        }
      },
      "180": {
        "start": {
          "line": 181,
          "column": 8
        },
        "end": {
          "line": 181,
          "column": 38
        }
      },
      "181": {
        "start": {
          "line": 182,
          "column": 8
        },
        "end": {
          "line": 182,
          "column": 40
        }
      },
      "182": {
        "start": {
          "line": 183,
          "column": 8
        },
        "end": {
          "line": 183,
          "column": 26
        }
      },
      "183": {
        "start": {
          "line": 184,
          "column": 8
        },
        "end": {
          "line": 184,
          "column": 26
        }
      },
      "184": {
        "start": {
          "line": 185,
          "column": 8
        },
        "end": {
          "line": 185,
          "column": 41
        }
      },
      "185": {
        "start": {
          "line": 186,
          "column": 8
        },
        "end": {
          "line": 186,
          "column": 173
        }
      },
      "186": {
        "start": {
          "line": 186,
          "column": 88
        },
        "end": {
          "line": 186,
          "column": 110
        }
      },
      "187": {
        "start": {
          "line": 186,
          "column": 123
        },
        "end": {
          "line": 186,
          "column": 141
        }
      },
      "188": {
        "start": {
          "line": 186,
          "column": 143
        },
        "end": {
          "line": 186,
          "column": 169
        }
      },
      "189": {
        "start": {
          "line": 187,
          "column": 8
        },
        "end": {
          "line": 187,
          "column": 28
        }
      },
      "190": {
        "start": {
          "line": 188,
          "column": 8
        },
        "end": {
          "line": 188,
          "column": 41
        }
      },
      "191": {
        "start": {
          "line": 189,
          "column": 8
        },
        "end": {
          "line": 189,
          "column": 37
        }
      },
      "192": {
        "start": {
          "line": 190,
          "column": 8
        },
        "end": {
          "line": 190,
          "column": 26
        }
      },
      "193": {
        "start": {
          "line": 191,
          "column": 8
        },
        "end": {
          "line": 191,
          "column": 29
        }
      },
      "194": {
        "start": {
          "line": 192,
          "column": 8
        },
        "end": {
          "line": 192,
          "column": 38
        }
      },
      "195": {
        "start": {
          "line": 193,
          "column": 8
        },
        "end": {
          "line": 193,
          "column": 45
        }
      },
      "196": {
        "start": {
          "line": 194,
          "column": 8
        },
        "end": {
          "line": 194,
          "column": 26
        }
      },
      "197": {
        "start": {
          "line": 195,
          "column": 8
        },
        "end": {
          "line": 195,
          "column": 26
        }
      },
      "198": {
        "start": {
          "line": 196,
          "column": 8
        },
        "end": {
          "line": 196,
          "column": 41
        }
      },
      "199": {
        "start": {
          "line": 197,
          "column": 8
        },
        "end": {
          "line": 197,
          "column": 174
        }
      },
      "200": {
        "start": {
          "line": 197,
          "column": 88
        },
        "end": {
          "line": 197,
          "column": 110
        }
      },
      "201": {
        "start": {
          "line": 197,
          "column": 123
        },
        "end": {
          "line": 197,
          "column": 141
        }
      },
      "202": {
        "start": {
          "line": 197,
          "column": 143
        },
        "end": {
          "line": 197,
          "column": 170
        }
      },
      "203": {
        "start": {
          "line": 198,
          "column": 8
        },
        "end": {
          "line": 198,
          "column": 28
        }
      },
      "204": {
        "start": {
          "line": 199,
          "column": 8
        },
        "end": {
          "line": 199,
          "column": 41
        }
      },
      "205": {
        "start": {
          "line": 200,
          "column": 8
        },
        "end": {
          "line": 200,
          "column": 37
        }
      },
      "206": {
        "start": {
          "line": 201,
          "column": 8
        },
        "end": {
          "line": 201,
          "column": 26
        }
      },
      "207": {
        "start": {
          "line": 202,
          "column": 8
        },
        "end": {
          "line": 202,
          "column": 29
        }
      },
      "208": {
        "start": {
          "line": 203,
          "column": 8
        },
        "end": {
          "line": 203,
          "column": 38
        }
      },
      "209": {
        "start": {
          "line": 204,
          "column": 8
        },
        "end": {
          "line": 204,
          "column": 46
        }
      },
      "210": {
        "start": {
          "line": 205,
          "column": 8
        },
        "end": {
          "line": 205,
          "column": 26
        }
      },
      "211": {
        "start": {
          "line": 206,
          "column": 8
        },
        "end": {
          "line": 206,
          "column": 26
        }
      },
      "212": {
        "start": {
          "line": 207,
          "column": 8
        },
        "end": {
          "line": 207,
          "column": 26
        }
      },
      "213": {
        "start": {
          "line": 208,
          "column": 8
        },
        "end": {
          "line": 208,
          "column": 41
        }
      },
      "214": {
        "start": {
          "line": 209,
          "column": 8
        },
        "end": {
          "line": 209,
          "column": 73
        }
      },
      "215": {
        "start": {
          "line": 210,
          "column": 8
        },
        "end": {
          "line": 210,
          "column": 73
        }
      },
      "216": {
        "start": {
          "line": 211,
          "column": 8
        },
        "end": {
          "line": 211,
          "column": 73
        }
      },
      "217": {
        "start": {
          "line": 212,
          "column": 8
        },
        "end": {
          "line": 212,
          "column": 73
        }
      },
      "218": {
        "start": {
          "line": 213,
          "column": 8
        },
        "end": {
          "line": 213,
          "column": 73
        }
      },
      "219": {
        "start": {
          "line": 214,
          "column": 8
        },
        "end": {
          "line": 214,
          "column": 73
        }
      },
      "220": {
        "start": {
          "line": 215,
          "column": 8
        },
        "end": {
          "line": 215,
          "column": 26
        }
      },
      "221": {
        "start": {
          "line": 216,
          "column": 8
        },
        "end": {
          "line": 216,
          "column": 41
        }
      },
      "222": {
        "start": {
          "line": 217,
          "column": 8
        },
        "end": {
          "line": 217,
          "column": 39
        }
      },
      "223": {
        "start": {
          "line": 218,
          "column": 8
        },
        "end": {
          "line": 218,
          "column": 28
        }
      },
      "224": {
        "start": {
          "line": 219,
          "column": 8
        },
        "end": {
          "line": 219,
          "column": 41
        }
      },
      "225": {
        "start": {
          "line": 220,
          "column": 8
        },
        "end": {
          "line": 220,
          "column": 37
        }
      },
      "226": {
        "start": {
          "line": 221,
          "column": 8
        },
        "end": {
          "line": 221,
          "column": 37
        }
      },
      "227": {
        "start": {
          "line": 222,
          "column": 8
        },
        "end": {
          "line": 222,
          "column": 37
        }
      },
      "228": {
        "start": {
          "line": 223,
          "column": 8
        },
        "end": {
          "line": 223,
          "column": 37
        }
      },
      "229": {
        "start": {
          "line": 224,
          "column": 8
        },
        "end": {
          "line": 224,
          "column": 37
        }
      },
      "230": {
        "start": {
          "line": 225,
          "column": 8
        },
        "end": {
          "line": 225,
          "column": 26
        }
      },
      "231": {
        "start": {
          "line": 226,
          "column": 8
        },
        "end": {
          "line": 226,
          "column": 26
        }
      },
      "232": {
        "start": {
          "line": 227,
          "column": 8
        },
        "end": {
          "line": 227,
          "column": 29
        }
      },
      "233": {
        "start": {
          "line": 228,
          "column": 8
        },
        "end": {
          "line": 228,
          "column": 39
        }
      },
      "234": {
        "start": {
          "line": 229,
          "column": 8
        },
        "end": {
          "line": 229,
          "column": 28
        }
      },
      "235": {
        "start": {
          "line": 230,
          "column": 8
        },
        "end": {
          "line": 230,
          "column": 42
        }
      },
      "236": {
        "start": {
          "line": 231,
          "column": 8
        },
        "end": {
          "line": 231,
          "column": 40
        }
      },
      "237": {
        "start": {
          "line": 232,
          "column": 8
        },
        "end": {
          "line": 232,
          "column": 38
        }
      },
      "238": {
        "start": {
          "line": 233,
          "column": 8
        },
        "end": {
          "line": 233,
          "column": 38
        }
      },
      "239": {
        "start": {
          "line": 234,
          "column": 8
        },
        "end": {
          "line": 234,
          "column": 38
        }
      },
      "240": {
        "start": {
          "line": 235,
          "column": 8
        },
        "end": {
          "line": 235,
          "column": 38
        }
      },
      "241": {
        "start": {
          "line": 236,
          "column": 8
        },
        "end": {
          "line": 236,
          "column": 38
        }
      },
      "242": {
        "start": {
          "line": 237,
          "column": 8
        },
        "end": {
          "line": 237,
          "column": 26
        }
      },
      "243": {
        "start": {
          "line": 238,
          "column": 8
        },
        "end": {
          "line": 238,
          "column": 26
        }
      },
      "244": {
        "start": {
          "line": 239,
          "column": 8
        },
        "end": {
          "line": 239,
          "column": 26
        }
      },
      "245": {
        "start": {
          "line": 240,
          "column": 8
        },
        "end": {
          "line": 240,
          "column": 29
        }
      },
      "246": {
        "start": {
          "line": 241,
          "column": 8
        },
        "end": {
          "line": 241,
          "column": 40
        }
      },
      "247": {
        "start": {
          "line": 242,
          "column": 8
        },
        "end": {
          "line": 242,
          "column": 28
        }
      },
      "248": {
        "start": {
          "line": 243,
          "column": 8
        },
        "end": {
          "line": 243,
          "column": 42
        }
      },
      "249": {
        "start": {
          "line": 244,
          "column": 8
        },
        "end": {
          "line": 244,
          "column": 39
        }
      },
      "250": {
        "start": {
          "line": 245,
          "column": 8
        },
        "end": {
          "line": 245,
          "column": 47
        }
      },
      "251": {
        "start": {
          "line": 246,
          "column": 8
        },
        "end": {
          "line": 246,
          "column": 38
        }
      },
      "252": {
        "start": {
          "line": 247,
          "column": 8
        },
        "end": {
          "line": 247,
          "column": 26
        }
      },
      "253": {
        "start": {
          "line": 248,
          "column": 8
        },
        "end": {
          "line": 248,
          "column": 26
        }
      },
      "254": {
        "start": {
          "line": 249,
          "column": 8
        },
        "end": {
          "line": 249,
          "column": 40
        }
      },
      "255": {
        "start": {
          "line": 250,
          "column": 8
        },
        "end": {
          "line": 250,
          "column": 38
        }
      },
      "256": {
        "start": {
          "line": 251,
          "column": 8
        },
        "end": {
          "line": 251,
          "column": 38
        }
      },
      "257": {
        "start": {
          "line": 252,
          "column": 8
        },
        "end": {
          "line": 252,
          "column": 40
        }
      },
      "258": {
        "start": {
          "line": 253,
          "column": 8
        },
        "end": {
          "line": 253,
          "column": 40
        }
      },
      "259": {
        "start": {
          "line": 254,
          "column": 8
        },
        "end": {
          "line": 254,
          "column": 40
        }
      },
      "260": {
        "start": {
          "line": 255,
          "column": 8
        },
        "end": {
          "line": 255,
          "column": 38
        }
      },
      "261": {
        "start": {
          "line": 256,
          "column": 8
        },
        "end": {
          "line": 256,
          "column": 26
        }
      },
      "262": {
        "start": {
          "line": 257,
          "column": 8
        },
        "end": {
          "line": 257,
          "column": 26
        }
      },
      "263": {
        "start": {
          "line": 258,
          "column": 8
        },
        "end": {
          "line": 258,
          "column": 26
        }
      },
      "264": {
        "start": {
          "line": 259,
          "column": 8
        },
        "end": {
          "line": 259,
          "column": 38
        }
      },
      "265": {
        "start": {
          "line": 260,
          "column": 8
        },
        "end": {
          "line": 260,
          "column": 26
        }
      },
      "266": {
        "start": {
          "line": 261,
          "column": 8
        },
        "end": {
          "line": 261,
          "column": 26
        }
      },
      "267": {
        "start": {
          "line": 262,
          "column": 8
        },
        "end": {
          "line": 262,
          "column": 26
        }
      },
      "268": {
        "start": {
          "line": 263,
          "column": 8
        },
        "end": {
          "line": 263,
          "column": 29
        }
      },
      "269": {
        "start": {
          "line": 264,
          "column": 8
        },
        "end": {
          "line": 264,
          "column": 40
        }
      },
      "270": {
        "start": {
          "line": 265,
          "column": 8
        },
        "end": {
          "line": 265,
          "column": 28
        }
      },
      "271": {
        "start": {
          "line": 266,
          "column": 8
        },
        "end": {
          "line": 266,
          "column": 42
        }
      },
      "272": {
        "start": {
          "line": 267,
          "column": 8
        },
        "end": {
          "line": 267,
          "column": 40
        }
      },
      "273": {
        "start": {
          "line": 268,
          "column": 8
        },
        "end": {
          "line": 268,
          "column": 38
        }
      },
      "274": {
        "start": {
          "line": 269,
          "column": 8
        },
        "end": {
          "line": 269,
          "column": 38
        }
      },
      "275": {
        "start": {
          "line": 270,
          "column": 8
        },
        "end": {
          "line": 270,
          "column": 38
        }
      },
      "276": {
        "start": {
          "line": 271,
          "column": 8
        },
        "end": {
          "line": 271,
          "column": 26
        }
      },
      "277": {
        "start": {
          "line": 272,
          "column": 8
        },
        "end": {
          "line": 272,
          "column": 26
        }
      },
      "278": {
        "start": {
          "line": 273,
          "column": 8
        },
        "end": {
          "line": 273,
          "column": 26
        }
      },
      "279": {
        "start": {
          "line": 274,
          "column": 8
        },
        "end": {
          "line": 274,
          "column": 29
        }
      },
      "280": {
        "start": {
          "line": 275,
          "column": 8
        },
        "end": {
          "line": 275,
          "column": 40
        }
      },
      "281": {
        "start": {
          "line": 276,
          "column": 8
        },
        "end": {
          "line": 276,
          "column": 28
        }
      },
      "282": {
        "start": {
          "line": 277,
          "column": 8
        },
        "end": {
          "line": 277,
          "column": 42
        }
      },
      "283": {
        "start": {
          "line": 278,
          "column": 8
        },
        "end": {
          "line": 278,
          "column": 38
        }
      },
      "284": {
        "start": {
          "line": 279,
          "column": 8
        },
        "end": {
          "line": 279,
          "column": 26
        }
      },
      "285": {
        "start": {
          "line": 280,
          "column": 8
        },
        "end": {
          "line": 280,
          "column": 26
        }
      },
      "286": {
        "start": {
          "line": 281,
          "column": 8
        },
        "end": {
          "line": 281,
          "column": 29
        }
      },
      "287": {
        "start": {
          "line": 282,
          "column": 8
        },
        "end": {
          "line": 282,
          "column": 40
        }
      },
      "288": {
        "start": {
          "line": 283,
          "column": 8
        },
        "end": {
          "line": 283,
          "column": 28
        }
      },
      "289": {
        "start": {
          "line": 284,
          "column": 8
        },
        "end": {
          "line": 284,
          "column": 42
        }
      },
      "290": {
        "start": {
          "line": 285,
          "column": 8
        },
        "end": {
          "line": 285,
          "column": 40
        }
      },
      "291": {
        "start": {
          "line": 286,
          "column": 8
        },
        "end": {
          "line": 286,
          "column": 38
        }
      },
      "292": {
        "start": {
          "line": 287,
          "column": 8
        },
        "end": {
          "line": 287,
          "column": 40
        }
      },
      "293": {
        "start": {
          "line": 288,
          "column": 8
        },
        "end": {
          "line": 288,
          "column": 40
        }
      },
      "294": {
        "start": {
          "line": 289,
          "column": 8
        },
        "end": {
          "line": 289,
          "column": 38
        }
      },
      "295": {
        "start": {
          "line": 290,
          "column": 8
        },
        "end": {
          "line": 290,
          "column": 38
        }
      },
      "296": {
        "start": {
          "line": 291,
          "column": 8
        },
        "end": {
          "line": 291,
          "column": 38
        }
      },
      "297": {
        "start": {
          "line": 292,
          "column": 8
        },
        "end": {
          "line": 292,
          "column": 38
        }
      },
      "298": {
        "start": {
          "line": 293,
          "column": 8
        },
        "end": {
          "line": 293,
          "column": 26
        }
      },
      "299": {
        "start": {
          "line": 294,
          "column": 8
        },
        "end": {
          "line": 294,
          "column": 26
        }
      },
      "300": {
        "start": {
          "line": 295,
          "column": 8
        },
        "end": {
          "line": 295,
          "column": 26
        }
      },
      "301": {
        "start": {
          "line": 296,
          "column": 8
        },
        "end": {
          "line": 296,
          "column": 26
        }
      },
      "302": {
        "start": {
          "line": 297,
          "column": 8
        },
        "end": {
          "line": 297,
          "column": 26
        }
      },
      "303": {
        "start": {
          "line": 298,
          "column": 8
        },
        "end": {
          "line": 298,
          "column": 26
        }
      },
      "304": {
        "start": {
          "line": 299,
          "column": 8
        },
        "end": {
          "line": 299,
          "column": 29
        }
      },
      "305": {
        "start": {
          "line": 300,
          "column": 8
        },
        "end": {
          "line": 300,
          "column": 41
        }
      },
      "306": {
        "start": {
          "line": 301,
          "column": 8
        },
        "end": {
          "line": 301,
          "column": 48
        }
      },
      "307": {
        "start": {
          "line": 302,
          "column": 8
        },
        "end": {
          "line": 302,
          "column": 40
        }
      },
      "308": {
        "start": {
          "line": 303,
          "column": 8
        },
        "end": {
          "line": 303,
          "column": 50
        }
      },
      "309": {
        "start": {
          "line": 304,
          "column": 8
        },
        "end": {
          "line": 304,
          "column": 42
        }
      },
      "310": {
        "start": {
          "line": 305,
          "column": 8
        },
        "end": {
          "line": 305,
          "column": 28
        }
      },
      "311": {
        "start": {
          "line": 306,
          "column": 8
        },
        "end": {
          "line": 306,
          "column": 42
        }
      },
      "312": {
        "start": {
          "line": 307,
          "column": 8
        },
        "end": {
          "line": 307,
          "column": 38
        }
      },
      "313": {
        "start": {
          "line": 308,
          "column": 8
        },
        "end": {
          "line": 308,
          "column": 38
        }
      },
      "314": {
        "start": {
          "line": 309,
          "column": 8
        },
        "end": {
          "line": 309,
          "column": 26
        }
      },
      "315": {
        "start": {
          "line": 310,
          "column": 8
        },
        "end": {
          "line": 310,
          "column": 33
        }
      },
      "316": {
        "start": {
          "line": 311,
          "column": 8
        },
        "end": {
          "line": 311,
          "column": 26
        }
      },
      "317": {
        "start": {
          "line": 312,
          "column": 8
        },
        "end": {
          "line": 312,
          "column": 26
        }
      },
      "318": {
        "start": {
          "line": 313,
          "column": 8
        },
        "end": {
          "line": 313,
          "column": 29
        }
      },
      "319": {
        "start": {
          "line": 314,
          "column": 8
        },
        "end": {
          "line": 314,
          "column": 40
        }
      },
      "320": {
        "start": {
          "line": 315,
          "column": 8
        },
        "end": {
          "line": 315,
          "column": 28
        }
      },
      "321": {
        "start": {
          "line": 316,
          "column": 8
        },
        "end": {
          "line": 316,
          "column": 42
        }
      },
      "322": {
        "start": {
          "line": 317,
          "column": 8
        },
        "end": {
          "line": 317,
          "column": 38
        }
      },
      "323": {
        "start": {
          "line": 318,
          "column": 8
        },
        "end": {
          "line": 318,
          "column": 38
        }
      },
      "324": {
        "start": {
          "line": 319,
          "column": 8
        },
        "end": {
          "line": 319,
          "column": 26
        }
      },
      "325": {
        "start": {
          "line": 320,
          "column": 8
        },
        "end": {
          "line": 320,
          "column": 26
        }
      },
      "326": {
        "start": {
          "line": 321,
          "column": 8
        },
        "end": {
          "line": 321,
          "column": 26
        }
      },
      "327": {
        "start": {
          "line": 322,
          "column": 8
        },
        "end": {
          "line": 322,
          "column": 42
        }
      },
      "328": {
        "start": {
          "line": 323,
          "column": 8
        },
        "end": {
          "line": 323,
          "column": 38
        }
      },
      "329": {
        "start": {
          "line": 324,
          "column": 8
        },
        "end": {
          "line": 324,
          "column": 26
        }
      },
      "330": {
        "start": {
          "line": 325,
          "column": 8
        },
        "end": {
          "line": 325,
          "column": 26
        }
      },
      "331": {
        "start": {
          "line": 326,
          "column": 8
        },
        "end": {
          "line": 326,
          "column": 29
        }
      },
      "332": {
        "start": {
          "line": 327,
          "column": 8
        },
        "end": {
          "line": 327,
          "column": 43
        }
      },
      "333": {
        "start": {
          "line": 328,
          "column": 6
        },
        "end": {
          "line": 344,
          "column": 5
        }
      },
      "334": {
        "start": {
          "line": 329,
          "column": 20
        },
        "end": {
          "line": 329,
          "column": 38
        }
      },
      "335": {
        "start": {
          "line": 330,
          "column": 8
        },
        "end": {
          "line": 330,
          "column": 25
        }
      },
      "336": {
        "start": {
          "line": 331,
          "column": 8
        },
        "end": {
          "line": 331,
          "column": 65
        }
      },
      "337": {
        "start": {
          "line": 332,
          "column": 8
        },
        "end": {
          "line": 332,
          "column": 25
        }
      },
      "338": {
        "start": {
          "line": 333,
          "column": 8
        },
        "end": {
          "line": 333,
          "column": 45
        }
      },
      "339": {
        "start": {
          "line": 334,
          "column": 8
        },
        "end": {
          "line": 334,
          "column": 24
        }
      },
      "340": {
        "start": {
          "line": 335,
          "column": 8
        },
        "end": {
          "line": 335,
          "column": 50
        }
      },
      "341": {
        "start": {
          "line": 336,
          "column": 8
        },
        "end": {
          "line": 336,
          "column": 24
        }
      },
      "342": {
        "start": {
          "line": 337,
          "column": 8
        },
        "end": {
          "line": 337,
          "column": 45
        }
      },
      "343": {
        "start": {
          "line": 338,
          "column": 8
        },
        "end": {
          "line": 338,
          "column": 24
        }
      },
      "344": {
        "start": {
          "line": 339,
          "column": 8
        },
        "end": {
          "line": 339,
          "column": 52
        }
      },
      "345": {
        "start": {
          "line": 340,
          "column": 8
        },
        "end": {
          "line": 340,
          "column": 24
        }
      },
      "346": {
        "start": {
          "line": 341,
          "column": 8
        },
        "end": {
          "line": 341,
          "column": 46
        }
      },
      "347": {
        "start": {
          "line": 342,
          "column": 8
        },
        "end": {
          "line": 342,
          "column": 24
        }
      },
      "348": {
        "start": {
          "line": 343,
          "column": 8
        },
        "end": {
          "line": 343,
          "column": 47
        }
      },
      "349": {
        "start": {
          "line": 345,
          "column": 14
        },
        "end": {
          "line": 352,
          "column": 26
        }
      },
      "350": {
        "start": {
          "line": 345,
          "column": 29
        },
        "end": {
          "line": 352,
          "column": 20
        }
      }
    },
    "fnMap": {
      "0": {
        "name": "AppComponent_pre_85_Template",
        "decl": {
          "start": {
            "line": 5,
            "column": 9
          },
          "end": {
            "line": 5,
            "column": 37
          }
        },
        "loc": {
          "start": {
            "line": 5,
            "column": 47
          },
          "end": {
            "line": 9,
            "column": 3
          }
        },
        "line": 5
      },
      "1": {
        "name": "AppComponent_pre_86_Template",
        "decl": {
          "start": {
            "line": 10,
            "column": 9
          },
          "end": {
            "line": 10,
            "column": 37
          }
        },
        "loc": {
          "start": {
            "line": 10,
            "column": 47
          },
          "end": {
            "line": 14,
            "column": 3
          }
        },
        "line": 10
      },
      "2": {
        "name": "AppComponent_pre_87_Template",
        "decl": {
          "start": {
            "line": 15,
            "column": 9
          },
          "end": {
            "line": 15,
            "column": 37
          }
        },
        "loc": {
          "start": {
            "line": 15,
            "column": 47
          },
          "end": {
            "line": 19,
            "column": 3
          }
        },
        "line": 15
      },
      "3": {
        "name": "AppComponent_pre_88_Template",
        "decl": {
          "start": {
            "line": 20,
            "column": 9
          },
          "end": {
            "line": 20,
            "column": 37
          }
        },
        "loc": {
          "start": {
            "line": 20,
            "column": 47
          },
          "end": {
            "line": 24,
            "column": 3
          }
        },
        "line": 20
      },
      "4": {
        "name": "AppComponent_pre_89_Template",
        "decl": {
          "start": {
            "line": 25,
            "column": 9
          },
          "end": {
            "line": 25,
            "column": 37
          }
        },
        "loc": {
          "start": {
            "line": 25,
            "column": 47
          },
          "end": {
            "line": 29,
            "column": 3
          }
        },
        "line": 25
      },
      "5": {
        "name": "AppComponent_pre_90_Template",
        "decl": {
          "start": {
            "line": 30,
            "column": 9
          },
          "end": {
            "line": 30,
            "column": 37
          }
        },
        "loc": {
          "start": {
            "line": 30,
            "column": 47
          },
          "end": {
            "line": 34,
            "column": 3
          }
        },
        "line": 30
      },
      "6": {
        "name": "(anonymous_6)",
        "decl": {
          "start": {
            "line": 36,
            "column": 4
          },
          "end": {
            "line": 36,
            "column": 5
          }
        },
        "loc": {
          "start": {
            "line": 36,
            "column": 18
          },
          "end": {
            "line": 38,
            "column": 5
          }
        },
        "line": 36
      },
      "7": {
        "name": "AppComponent_Factory",
        "decl": {
          "start": {
            "line": 40,
            "column": 29
          },
          "end": {
            "line": 40,
            "column": 49
          }
        },
        "loc": {
          "start": {
            "line": 40,
            "column": 53
          },
          "end": {
            "line": 40,
            "column": 90
          }
        },
        "line": 40
      },
      "8": {
        "name": "AppComponent_Template",
        "decl": {
          "start": {
            "line": 41,
            "column": 15501
          },
          "end": {
            "line": 41,
            "column": 15522
          }
        },
        "loc": {
          "start": {
            "line": 41,
            "column": 15532
          },
          "end": {
            "line": 344,
            "column": 7
          }
        },
        "line": 41
      },
      "9": {
        "name": "AppComponent_Template_div_click_54_listener",
        "decl": {
          "start": {
            "line": 142,
            "column": 40
          },
          "end": {
            "line": 142,
            "column": 83
          }
        },
        "loc": {
          "start": {
            "line": 142,
            "column": 86
          },
          "end": {
            "line": 142,
            "column": 176
          }
        },
        "line": 142
      },
      "10": {
        "name": "AppComponent_Template_div_click_59_listener",
        "decl": {
          "start": {
            "line": 153,
            "column": 40
          },
          "end": {
            "line": 153,
            "column": 83
          }
        },
        "loc": {
          "start": {
            "line": 153,
            "column": 86
          },
          "end": {
            "line": 153,
            "column": 175
          }
        },
        "line": 153
      },
      "11": {
        "name": "AppComponent_Template_div_click_64_listener",
        "decl": {
          "start": {
            "line": 164,
            "column": 40
          },
          "end": {
            "line": 164,
            "column": 83
          }
        },
        "loc": {
          "start": {
            "line": 164,
            "column": 86
          },
          "end": {
            "line": 164,
            "column": 170
          }
        },
        "line": 164
      },
      "12": {
        "name": "AppComponent_Template_div_click_69_listener",
        "decl": {
          "start": {
            "line": 175,
            "column": 40
          },
          "end": {
            "line": 175,
            "column": 83
          }
        },
        "loc": {
          "start": {
            "line": 175,
            "column": 86
          },
          "end": {
            "line": 175,
            "column": 177
          }
        },
        "line": 175
      },
      "13": {
        "name": "AppComponent_Template_div_click_74_listener",
        "decl": {
          "start": {
            "line": 186,
            "column": 40
          },
          "end": {
            "line": 186,
            "column": 83
          }
        },
        "loc": {
          "start": {
            "line": 186,
            "column": 86
          },
          "end": {
            "line": 186,
            "column": 171
          }
        },
        "line": 186
      },
      "14": {
        "name": "AppComponent_Template_div_click_79_listener",
        "decl": {
          "start": {
            "line": 197,
            "column": 40
          },
          "end": {
            "line": 197,
            "column": 83
          }
        },
        "loc": {
          "start": {
            "line": 197,
            "column": 86
          },
          "end": {
            "line": 197,
            "column": 172
          }
        },
        "line": 197
      },
      "15": {
        "name": "(anonymous_15)",
        "decl": {
          "start": {
            "line": 345,
            "column": 15
          },
          "end": {
            "line": 345,
            "column": 16
          }
        },
        "loc": {
          "start": {
            "line": 345,
            "column": 27
          },
          "end": {
            "line": 352,
            "column": 22
          }
        },
        "line": 345
      }
    },
    "branchMap": {
      "0": {
        "loc": {
          "start": {
            "line": 5,
            "column": 49
          },
          "end": {
            "line": 9,
            "column": 1
          }
        },
        "type": "if",
[...]
,5.052h1.482v.421h-1.489v1.734h15.241V369.58Zm-10.966-.263a4.835,4.835,0,0,1,9.67,0Z\" transform=\"translate(-4634.008 -355.852)\" fill=\"#fff\"/>\n        </g>\n      </svg>\n    </a>\n\n    <a class=\"circle-link\" title=\"Find a Local Meetup\" href=\"https://www.meetup.com/find/?keywords=angular\" target=\"_blank\" rel=\"noopener\">\n      <svg alt=\"Meetup Logo\" xmlns=\"http://www.w3.org/2000/svg\" width=\"24.607\" height=\"23.447\" viewBox=\"0 0 24.607 23.447\">\n        <path id=\"logo--mSwarm\" d=\"M21.221,14.95A4.393,4.393,0,0,1,17.6,19.281a4.452,4.452,0,0,1-.8.069c-.09,0-.125.035-.154.117a2.939,2.939,0,0,1-2.506,2.091,2.868,2.868,0,0,1-2.248-.624.168.168,0,0,0-.245-.005,3.926,3.926,0,0,1-2.589.741,4.015,4.015,0,0,1-3.7-3.347,2.7,2.7,0,0,1-.043-.38c0-.106-.042-.146-.143-.166a3.524,3.524,0,0,1-1.516-.69A3.623,3.623,0,0,1,2.23,14.557a3.66,3.66,0,0,1,1.077-3.085.138.138,0,0,0,.026-.2,3.348,3.348,0,0,1-.451-1.821,3.46,3.46,0,0,1,2.749-3.28.44.44,0,0,0,.355-.281,5.072,5.072,0,0,1,3.863-3,5.028,5.028,0,0,1,3.555.666.31.31,0,0,0,.271.03A4.5,4.5,0,0,1,18.3,4.7a4.4,4.4,0,0,1,1.334,2.751,3.658,3.658,0,0,1,.022.706.131.131,0,0,0,.1.157,2.432,2.432,0,0,1,1.574,1.645,2.464,2.464,0,0,1-.7,2.616c-.065.064-.051.1-.014.166A4.321,4.321,0,0,1,21.221,14.95ZM13.4,14.607a2.09,2.09,0,0,0,1.409,1.982,4.7,4.7,0,0,0,1.275.221,1.807,1.807,0,0,0,.9-.151.542.542,0,0,0,.321-.545.558.558,0,0,0-.359-.534,1.2,1.2,0,0,0-.254-.078c-.262-.047-.526-.086-.787-.138a.674.674,0,0,1-.617-.75,3.394,3.394,0,0,1,.218-1.109c.217-.658.509-1.286.79-1.918a15.609,15.609,0,0,0,.745-1.86,1.95,1.95,0,0,0,.06-1.073,1.286,1.286,0,0,0-1.051-1.033,1.977,1.977,0,0,0-1.521.2.339.339,0,0,1-.446-.042c-.1-.092-.2-.189-.307-.284a1.214,1.214,0,0,0-1.643-.061,7.563,7.563,0,0,1-.614.512A.588.588,0,0,1,10.883,8c-.215-.115-.437-.215-.659-.316a2.153,2.153,0,0,0-.695-.248A2.091,2.091,0,0,0,7.541,8.562a9.915,9.915,0,0,0-.405.986c-.559,1.545-1.015,3.123-1.487,4.7a1.528,1.528,0,0,0,.634,1.777,1.755,1.755,0,0,0,1.5.211,1.35,1.35,0,0,0,.824-.858c.543-1.281,1.032-2.584,1.55-3.875.142-.355.28-.712.432-1.064a.548.548,0,0,1,.851-.24.622.622,0,0,1,.185.539,2.161,2.161,0,0,1-.181.621c-.337.852-.68,1.7-1.018,2.552a2.564,2.564,0,0,0-.173.528.624.624,0,0,0,.333.71,1.073,1.073,0,0,0,.814.034,1.22,1.22,0,0,0,.657-.655q.758-1.488,1.511-2.978.35-.687.709-1.37a1.073,1.073,0,0,1,.357-.434.43.43,0,0,1,.463-.016.373.373,0,0,1,.153.387.7.7,0,0,1-.057.236c-.065.157-.127.316-.2.469-.42.883-.846,1.763-1.262,2.648A2.463,2.463,0,0,0,13.4,14.607Zm5.888,6.508a1.09,1.09,0,0,0-2.179.006,1.09,1.09,0,0,0,2.179-.006ZM1.028,12.139a1.038,1.038,0,1,0,.01-2.075,1.038,1.038,0,0,0-.01,2.075ZM13.782.528a1.027,1.027,0,1,0-.011,2.055A1.027,1.027,0,0,0,13.782.528ZM22.21,6.95a.882.882,0,0,0-1.763.011A.882.882,0,0,0,22.21,6.95ZM4.153,4.439a.785.785,0,1,0,.787-.78A.766.766,0,0,0,4.153,4.439Zm8.221,18.22a.676.676,0,1,0-.677.666A.671.671,0,0,0,12.374,22.658ZM22.872,12.2a.674.674,0,0,0-.665.665.656.656,0,0,0,.655.643.634.634,0,0,0,.655-.644A.654.654,0,0,0,22.872,12.2ZM7.171-.123A.546.546,0,0,0,6.613.43a.553.553,0,1,0,1.106,0A.539.539,0,0,0,7.171-.123ZM24.119,9.234a.507.507,0,0,0-.493.488.494.494,0,0,0,.494.494.48.48,0,0,0,.487-.483A.491.491,0,0,0,24.119,9.234Zm-19.454,9.7a.5.5,0,0,0-.488-.488.491.491,0,0,0-.487.5.483.483,0,0,0,.491.479A.49.49,0,0,0,4.665,18.936Z\" transform=\"translate(0 0.123)\" fill=\"#f64060\"/>\n      </svg>\n    </a>\n\n    <a class=\"circle-link\" title=\"Join the Conversation on Gitter\" href=\"https://gitter.im/angular/angular\" target=\"_blank\" rel=\"noopener\">\n      <svg alt=\"Gitter Logo\" xmlns=\"http://www.w3.org/2000/svg\" width=\"19.447\" height=\"19.447\" viewBox=\"0 0 19.447 19.447\">\n        <g id=\"Group_40\" data-name=\"Group 40\" transform=\"translate(-1612 -405)\">\n          <rect id=\"Rectangle_19\" data-name=\"Rectangle 19\" width=\"19.447\" height=\"19.447\" transform=\"translate(1612 405)\" fill=\"#e60257\"/>\n          <g id=\"gitter\" transform=\"translate(1617.795 408.636)\">\n            <g id=\"Group_33\" data-name=\"Group 33\" transform=\"translate(0 0)\">\n              <rect id=\"Rectangle_15\" data-name=\"Rectangle 15\" width=\"1.04\" height=\"9.601\" transform=\"translate(2.304 2.324)\" fill=\"#fff\"/>\n              <rect id=\"Rectangle_16\" data-name=\"Rectangle 16\" width=\"1.04\" height=\"9.601\" transform=\"translate(4.607 2.324)\" fill=\"#fff\"/>\n              <rect id=\"Rectangle_17\" data-name=\"Rectangle 17\" width=\"1.04\" height=\"4.648\" transform=\"translate(6.91 2.324)\" fill=\"#fff\"/>\n              <rect id=\"Rectangle_18\" data-name=\"Rectangle 18\" width=\"1.04\" height=\"6.971\" transform=\"translate(0 0)\" fill=\"#fff\"/>\n            </g>\n          </g>\n        </g>\n      </svg>\n    </a>\n  </div>\n\n  <!-- Footer -->\n  <footer>\n      Love Angular?&nbsp;\n      <a href=\"https://github.com/angular/angular\" target=\"_blank\" rel=\"noopener\"> Give our repo a star.\n        <div class=\"github-star-badge\">\n            <svg class=\"material-icons\" xmlns=\"http://www.w3.org/2000/svg\" width=\"24\" height=\"24\" viewBox=\"0 0 24 24\"><path d=\"M0 0h24v24H0z\" fill=\"none\"/><path d=\"M12 17.27L18.18 21l-1.64-7.03L22 9.24l-7.19-.61L12 2 9.19 8.63 2 9.24l5.46 4.73L5.82 21z\"/></svg>\n          Star\n        </div>\n      </a>\n      <a href=\"https://github.com/angular/angular\" target=\"_blank\" rel=\"noopener\">\n        <svg class=\"material-icons\" xmlns=\"http://www.w3.org/2000/svg\" width=\"24\" height=\"24\" viewBox=\"0 0 24 24\"><path d=\"M10 6L8.59 7.41 13.17 12l-4.58 4.59L10 18l6-6z\" fill=\"#1976d2\"/><path d=\"M0 0h24v24H0z\" fill=\"none\"/></svg>\n      </a>\n  </footer>\n\n  <svg id=\"clouds\" alt=\"Gray Clouds Background\" xmlns=\"http://www.w3.org/2000/svg\" width=\"2611.084\" height=\"485.677\" viewBox=\"0 0 2611.084 485.677\">\n    <path id=\"Path_39\" data-name=\"Path 39\" d=\"M2379.709,863.793c10-93-77-171-168-149-52-114-225-105-264,15-75,3-140,59-152,133-30,2.83-66.725,9.829-93.5,26.25-26.771-16.421-63.5-23.42-93.5-26.25-12-74-77-130-152-133-39-120-212-129-264-15-54.084-13.075-106.753,9.173-138.488,48.9-31.734-39.726-84.4-61.974-138.487-48.9-52-114-225-105-264,15a162.027,162.027,0,0,0-103.147,43.044c-30.633-45.365-87.1-72.091-145.206-58.044-52-114-225-105-264,15-75,3-140,59-152,133-53,5-127,23-130,83-2,42,35,72,70,86,49,20,106,18,157,5a165.625,165.625,0,0,0,120,0c47,94,178,113,251,33,61.112,8.015,113.854-5.72,150.492-29.764a165.62,165.62,0,0,0,110.861-3.236c47,94,178,113,251,33,31.385,4.116,60.563,2.495,86.487-3.311,25.924,5.806,55.1,7.427,86.488,3.311,73,80,204,61,251-33a165.625,165.625,0,0,0,120,0c51,13,108,15,157-5a147.188,147.188,0,0,0,33.5-18.694,147.217,147.217,0,0,0,33.5,18.694c49,20,106,18,157,5a165.625,165.625,0,0,0,120,0c47,94,178,113,251,33C2446.709,1093.793,2554.709,922.793,2379.709,863.793Z\" transform=\"translate(142.69 -634.312)\" fill=\"#eee\"/>\n  </svg>\n\n</div>\n\n<!-- * * * * * * * * * * * * * * * * * * * * * * * * * * * * * * * -->\n<!-- * * * * * * * * * * * The content above * * * * * * * * * * * -->\n<!-- * * * * * * * * * * is only a placeholder * * * * * * * * * * -->\n<!-- * * * * * * * * * * and can be replaced. * * * * * * * * * * * -->\n<!-- * * * * * * * * * * * * * * * * * * * * * * * * * * * * * * * -->\n<!-- * * * * * * * * * * End of Placeholder * * * * * * * * * * * -->\n<!-- * * * * * * * * * * * * * * * * * * * * * * * * * * * * * * * -->\n\n\n\n<router-outlet></router-outlet>"
      ]
    },
    "_coverageSchema": "332fd63041d2c1bcb487cc26dd0d5f7d97098a6c",
    "hash": "d375b7baed17c1b08f0cc7b958481135b1c5ffea"
  },
  "/Users/lukasklement/Development/open_source/angular-cypress-coverage-tutorial/src/app/app.module.ts": {
    "path": "/Users/lukasklement/Development/open_source/angular-cypress-coverage-tutorial/src/app/app.module.ts",
    "statementMap": {
      "0": {
        "start": {
          "line": 8,
          "column": 0
        },
        "end": {
          "line": 8,
          "column": 85
        }
      },
      "1": {
        "start": {
          "line": 9,
          "column": 0
        },
        "end": {
          "line": 12,
          "column": 14
        }
      },
      "2": {
        "start": {
          "line": 9,
          "column": 80
        },
        "end": {
          "line": 9,
          "column": 110
        }
      },
      "3": {
        "start": {
          "line": 13,
          "column": 0
        },
        "end": {
          "line": 14,
          "column": 35
        }
      },
      "4": {
        "start": {
          "line": 13,
          "column": 15
        },
        "end": {
          "line": 14,
          "column": 29
        }
      },
      "5": {
        "start": {
          "line": 15,
          "column": 14
        },
        "end": {
          "line": 28,
          "column": 26
        }
      },
      "6": {
        "start": {
          "line": 15,
          "column": 29
        },
        "end": {
          "line": 28,
          "column": 20
        }
      }
    },
    "fnMap": {
      "0": {
        "name": "AppModule_Factory",
        "decl": {
          "start": {
            "line": 9,
            "column": 57
          },
          "end": {
            "line": 9,
            "column": 74
          }
        },
        "loc": {
          "start": {
            "line": 9,
            "column": 78
          },
          "end": {
            "line": 9,
            "column": 112
          }
        },
        "line": 9
      },
      "1": {
        "name": "(anonymous_1)",
        "decl": {
          "start": {
            "line": 13,
            "column": 1
          },
          "end": {
            "line": 13,
            "column": 2
          }
        },
        "loc": {
          "start": {
            "line": 13,
            "column": 13
          },
          "end": {
            "line": 14,
            "column": 31
          }
        },
        "line": 13
      },
      "2": {
        "name": "(anonymous_2)",
        "decl": {
          "start": {
            "line": 15,
            "column": 15
          },
          "end": {
            "line": 15,
            "column": 16
          }
        },
        "loc": {
          "start": {
            "line": 15,
            "column": 27
          },
          "end": {
            "line": 28,
            "column": 22
          }
        },
        "line": 15
      }
    },
    "branchMap": {
      "0": {
        "loc": {
          "start": {
            "line": 9,
            "column": 92
          },
          "end": {
            "line": 9,
            "column": 106
          }
        },
        "type": "binary-expr",
        "locations": [
          {
            "start": {
              "line": 9,
              "column": 92
            },
            "end": {
              "line": 9,
              "column": 93
            }
          },
          {
            "start": {
              "line": 9,
              "column": 97
            },
            "end": {
              "line": 9,
              "column": 106
            }
          }
        ],
        "line": 9
      },
      "1": {
        "loc": {
          "start": {
            "line": 13,
            "column": 15
          },
          "end": {
            "line": 14,
            "column": 28
          }
        },
        "type": "binary-expr",
        "locations": [
          {
            "start": {
              "line": 13,
              "column": 16
            },
            "end": {
              "line": 13,
              "column": 48
            }
          },
          {
            "start": {
              "line": 13,
              "column": 52
            },
            "end": {
              "line": 13,
              "column": 61
            }
          },
          {
            "start": {
              "line": 13,
              "column": 66
            },
            "end": {
              "line": 14,
              "column": 28
            }
          }
        ],
        "line": 13
      }
    },
    "s": {
      "0": 1,
      "1": 1,
      "2": 1,
      "3": 1,
      "4": 1,
      "5": 1,
      "6": 1
    },
    "f": {
      "0": 1,
      "1": 1,
      "2": 1
    },
    "b": {
      "0": [
        1,
        1
      ],
      "1": [
        1,
        0,
        1
      ]
    },
    "inputSourceMap": {
      "version": 3,
      "file": "app.module.js",
      "sourceRoot": "",
      "sources": [
        "/Users/lukasklement/Development/open_source/angular-cypress-coverage-tutorial/src/app/app.module.ts"
      ],
      "names": [],
      "mappings": "AAAA,OAAO,EAAE,aAAa,EAAE,MAAM,2BAA2B,CAAC;AAC1D,OAAO,EAAE,QAAQ,EAAE,MAAM,eAAe,CAAC;AAEzC,OAAO,EAAE,gBAAgB,EAAE,MAAM,sBAAsB,CAAC;AACxD,OAAO,EAAE,YAAY,EAAE,MAAM,iBAAiB,CAAC;;AAa/C,MAAM,OAAO,SAAS;;6CAAT,SAAS,cAFR,YAAY;iGAEb,SAAS,mBAHT,EAAE,YAJJ;YACP,aAAa;YACb,gBAAgB;SACjB;wFAIU,SAAS,mBATlB,YAAY,aAGZ,aAAa;QACb,gBAAgB;kDAKP,SAAS;cAXrB,QAAQ;eAAC;gBACR,YAAY,EAAE;oBACZ,YAAY;iBACb;gBACD,OAAO,EAAE;oBACP,aAAa;oBACb,gBAAgB;iBACjB;gBACD,SAAS,EAAE,EAAE;gBACb,SAAS,EAAE,CAAC,YAAY,CAAC;aAC1B",
      "sourcesContent": [
        "import { BrowserModule } from '@angular/platform-browser';\nimport { NgModule } from '@angular/core';\n\nimport { AppRoutingModule } from './app-routing.module';\nimport { AppComponent } from './app.component';\n\n@NgModule({\n  declarations: [\n    AppComponent\n  ],\n  imports: [\n    BrowserModule,\n    AppRoutingModule\n  ],\n  providers: [],\n  bootstrap: [AppComponent]\n})\nexport class AppModule { }\n"
      ]
    },
    "_coverageSchema": "332fd63041d2c1bcb487cc26dd0d5f7d97098a6c",
    "hash": "02e198ba28379edcf5cd84eeba1374894a5530bd"
  },
  "/Users/lukasklement/Development/open_source/angular-cypress-coverage-tutorial/src/main.ts": {
    "path": "/Users/lukasklement/Development/open_source/angular-cypress-coverage-tutorial/src/main.ts",
    "statementMap": {
      "0": {
        "start": {
          "line": 5,
          "column": 0
        },
        "end": {
          "line": 7,
          "column": 1
        }
      },
      "1": {
        "start": {
          "line": 6,
          "column": 4
        },
        "end": {
          "line": 6,
          "column": 21
        }
      },
      "2": {
        "start": {
          "line": 8,
          "column": 0
        },
        "end": {
          "line": 9,
          "column": 38
        }
      },
      "3": {
        "start": {
          "line": 9,
          "column": 18
        },
        "end": {
          "line": 9,
          "column": 36
        }
      }
    },
    "fnMap": {
      "0": {
        "name": "(anonymous_0)",
        "decl": {
          "start": {
            "line": 9,
            "column": 11
          },
          "end": {
            "line": 9,
            "column": 12
          }
        },
        "loc": {
          "start": {
            "line": 9,
            "column": 18
          },
          "end": {
            "line": 9,
            "column": 36
          }
        },
        "line": 9
      }
    },
    "branchMap": {
      "0": {
        "loc": {
          "start": {
            "line": 5,
            "column": 0
          },
          "end": {
            "line": 7,
            "column": 1
          }
        },
        "type": "if",
        "locations": [
          {
            "start": {
              "line": 5,
              "column": 0
            },
            "end": {
              "line": 7,
              "column": 1
            }
          },
          {
            "start": {
              "line": 5,
              "column": 0
            },
            "end": {
              "line": 7,
              "column": 1
            }
          }
        ],
        "line": 5
      }
    },
    "s": {
      "0": 1,
      "1": 0,
      "2": 1,
      "3": 0
    },
    "f": {
      "0": 0
    },
    "b": {
      "0": [
        0,
        1
      ]
    },
    "inputSourceMap": {
      "version": 3,
      "file": "main.js",
      "sourceRoot": "",
      "sources": [
        "/Users/lukasklement/Development/open_source/angular-cypress-coverage-tutorial/src/main.ts"
      ],
      "names": [],
      "mappings": "AAAA,OAAO,EAAE,cAAc,EAAE,MAAM,eAAe,CAAC;AAI/C,OAAO,EAAE,WAAW,EAAE,MAAM,4BAA4B,CAAC;;;AAEzD,IAAI,WAAW,CAAC,UAAU,EAAE;IAC1B,cAAc,EAAE,CAAC;CAClB;AAED,qCAAwB,gBAAgB,+BAAW;KAChD,KAAK,CAAC,GAAG,CAAC,EAAE,CAAC,OAAO,CAAC,KAAK,CAAC,GAAG,CAAC,CAAC,CAAC",
      "sourcesContent": [
        "import { enableProdMode } from '@angular/core';\nimport { platformBrowserDynamic } from '@angular/platform-browser-dynamic';\n\nimport { AppModule } from './app/app.module';\nimport { environment } from './environments/environment';\n\nif (environment.production) {\n  enableProdMode();\n}\n\nplatformBrowserDynamic().bootstrapModule(AppModule)\n  .catch(err => console.error(err));\n"
      ]
    },
    "_coverageSchema": "332fd63041d2c1bcb487cc26dd0d5f7d97098a6c",
    "hash": "b2bafb1e8f9c998698f680e916f67cde3fc34518"
  },
  "/Users/lukasklement/Development/open_source/angular-cypress-coverage-tutorial/karma.conf.js": {
    "path": "/Users/lukasklement/Development/open_source/angular-cypress-coverage-tutorial/karma.conf.js",
    "statementMap": {},
    "fnMap": {},
    "branchMap": {},
    "s": {},
    "f": {},
    "b": {}
  },
  "/Users/lukasklement/Development/open_source/angular-cypress-coverage-tutorial/cypress/coverage.webpack.js": {
    "path": "/Users/lukasklement/Development/open_source/angular-cypress-coverage-tutorial/cypress/coverage.webpack.js",
    "statementMap": {},
    "fnMap": {},
    "branchMap": {},
    "s": {},
    "f": {},
    "b": {}
  },
  "/Users/lukasklement/Development/open_source/angular-cypress-coverage-tutorial/cypress/plugins/cy-ts-preprocessor.js": {
    "path": "/Users/lukasklement/Development/open_source/angular-cypress-coverage-tutorial/cypress/plugins/cy-ts-preprocessor.js",
    "statementMap": {},
    "fnMap": {},
    "branchMap": {},
    "s": {},
    "f": {},
    "b": {}
  },
  "/Users/lukasklement/Development/open_source/angular-cypress-coverage-tutorial/cypress/plugins/index.js": {
    "path": "/Users/lukasklement/Development/open_source/angular-cypress-coverage-tutorial/cypress/plugins/index.js",
    "statementMap": {},
    "fnMap": {},
    "branchMap": {},
    "s": {},
    "f": {},
    "b": {}
  },
  "/Users/lukasklement/Development/open_source/angular-cypress-coverage-tutorial/src/test.ts": {
    "path": "/Users/lukasklement/Development/open_source/angular-cypress-coverage-tutorial/src/test.ts",
    "statementMap": {},
    "fnMap": {},
    "branchMap": {},
    "s": {},
    "f": {},
    "b": {}
  },
  "/Users/lukasklement/Development/open_source/angular-cypress-coverage-tutorial/cypress/integration/spec.ts": {
    "path": "/Users/lukasklement/Development/open_source/angular-cypress-coverage-tutorial/cypress/integration/spec.ts",
    "statementMap": {},
    "fnMap": {},
    "branchMap": {},
    "s": {},
    "f": {},
    "b": {}
  },
  "/Users/lukasklement/Development/open_source/angular-cypress-coverage-tutorial/cypress/support/commands.ts": {
    "path": "/Users/lukasklement/Development/open_source/angular-cypress-coverage-tutorial/cypress/support/commands.ts",
    "statementMap": {},
    "fnMap": {},
    "branchMap": {},
    "s": {},
    "f": {},
    "b": {}
  },
  "/Users/lukasklement/Development/open_source/angular-cypress-coverage-tutorial/cypress/support/index.ts": {
    "path": "/Users/lukasklement/Development/open_source/angular-cypress-coverage-tutorial/cypress/support/index.ts",
    "statementMap": {},
    "fnMap": {},
    "branchMap": {},
    "s": {},
    "f": {},
    "b": {}
  },
  "/Users/lukasklement/Development/open_source/angular-cypress-coverage-tutorial/src/environments/environment.prod.ts": {
    "path": "/Users/lukasklement/Development/open_source/angular-cypress-coverage-tutorial/src/environments/environment.prod.ts",
    "statementMap": {},
    "fnMap": {},
    "branchMap": {},
    "s": {},
    "f": {},
    "b": {}
  }
}
